<testsuites id="" name="" tests="340" failures="225" skipped="0" errors="0" time="160.829834">
<testsuite name="basic-form.spec.ts" timestamp="2025-09-03T23:55:07.558Z" hostname="chromium" tests="11" failures="0" skipped="0" time="13.151" errors="0">
<testcase name="Basic Form Example › should display the login form with all fields" classname="basic-form.spec.ts" time="0.741">
</testcase>
<testcase name="Basic Form Example › should show validation errors for empty required fields" classname="basic-form.spec.ts" time="0.878">
</testcase>
<testcase name="Basic Form Example › should validate username field requirements" classname="basic-form.spec.ts" time="0.887">
</testcase>
<testcase name="Basic Form Example › should validate password field requirements" classname="basic-form.spec.ts" time="0.938">
</testcase>
<testcase name="Basic Form Example › should accept valid form data and submit successfully" classname="basic-form.spec.ts" time="4.404">
</testcase>
<testcase name="Basic Form Example › should handle field focus and blur events" classname="basic-form.spec.ts" time="0.744">
</testcase>
<testcase name="Basic Form Example › should handle keyboard navigation" classname="basic-form.spec.ts" time="0.826">
</testcase>
<testcase name="Basic Form Example › should be accessible with screen readers" classname="basic-form.spec.ts" time="0.536">
</testcase>
<testcase name="Basic Form Example › should work on mobile devices" classname="basic-form.spec.ts" time="1.08">
</testcase>
<testcase name="Basic Form Example › should handle rapid form interactions" classname="basic-form.spec.ts" time="1.777">
</testcase>
<testcase name="Basic Form Example › should preserve form state during navigation" classname="basic-form.spec.ts" time="0.34">
</testcase>
</testsuite>
<testsuite name="complex-form.spec.ts" timestamp="2025-09-03T23:55:07.558Z" hostname="chromium" tests="11" failures="0" skipped="0" time="13.704" errors="0">
<testcase name="Complex Form Example › should display the multi-step registration form" classname="complex-form.spec.ts" time="0.258">
</testcase>
<testcase name="Complex Form Example › should navigate between form steps" classname="complex-form.spec.ts" time="0.618">
</testcase>
<testcase name="Complex Form Example › should validate each step before allowing progression" classname="complex-form.spec.ts" time="0.801">
</testcase>
<testcase name="Complex Form Example › should handle address fields in step 2" classname="complex-form.spec.ts" time="0.699">
</testcase>
<testcase name="Complex Form Example › should handle conditional fields" classname="complex-form.spec.ts" time="1.34">
</testcase>
<testcase name="Complex Form Example › should validate complex field relationships" classname="complex-form.spec.ts" time="2.4">
</testcase>
<testcase name="Complex Form Example › should handle file uploads" classname="complex-form.spec.ts" time="0.885">
</testcase>
<testcase name="Complex Form Example › should handle form persistence and recovery" classname="complex-form.spec.ts" time="1.347">
</testcase>
<testcase name="Complex Form Example › should handle keyboard navigation across steps" classname="complex-form.spec.ts" time="0.855">
</testcase>
<testcase name="Complex Form Example › should handle mobile interactions" classname="complex-form.spec.ts" time="0.947">
</testcase>
<testcase name="Complex Form Example › should handle form submission with all steps completed" classname="complex-form.spec.ts" time="3.554">
</testcase>
</testsuite>
<testsuite name="form-components.spec.ts" timestamp="2025-09-03T23:55:07.558Z" hostname="chromium" tests="17" failures="0" skipped="0" time="12.378" errors="0">
<testcase name="Form Library Components › should render TextInput component correctly" classname="form-components.spec.ts" time="0.458">
</testcase>
<testcase name="Form Library Components › should render NumberInput component correctly" classname="form-components.spec.ts" time="0.591">
</testcase>
<testcase name="Form Library Components › should render CheckboxInput component correctly" classname="form-components.spec.ts" time="0.486">
</testcase>
<testcase name="Form Library Components › should render SelectInput component correctly" classname="form-components.spec.ts" time="0.667">
</testcase>
<testcase name="Form Library Components › should render TextareaInput component correctly" classname="form-components.spec.ts" time="0.568">
</testcase>
<testcase name="Form Library Components › should render RadioInput component correctly" classname="form-components.spec.ts" time="0.664">
</testcase>
<testcase name="Form Library Components › should render FileInput component correctly" classname="form-components.spec.ts" time="0.565">
</testcase>
<testcase name="Form Library Components › should handle form validation correctly" classname="form-components.spec.ts" time="0.557">
</testcase>
<testcase name="Form Library Components › should handle form submission correctly" classname="form-components.spec.ts" time="4.517">
</testcase>
<testcase name="Form Library Components › should handle field state changes correctly" classname="form-components.spec.ts" time="0.451">
</testcase>
<testcase name="Form Library Components › should handle conditional field rendering" classname="form-components.spec.ts" time="0.425">
</testcase>
<testcase name="Form Library Components › should handle field arrays correctly" classname="form-components.spec.ts" time="0.366">
</testcase>
<testcase name="Form Library Components › should handle form persistence" classname="form-components.spec.ts" time="0.461">
</testcase>
<testcase name="Form Library Components › should handle keyboard navigation" classname="form-components.spec.ts" time="0.399">
</testcase>
<testcase name="Form Library Components › should handle mobile interactions" classname="form-components.spec.ts" time="0.512">
</testcase>
<testcase name="Form Library Components › should handle accessibility features" classname="form-components.spec.ts" time="0.246">
</testcase>
<testcase name="Form Library Components › should handle form reset correctly" classname="form-components.spec.ts" time="0.445">
</testcase>
</testsuite>
<testsuite name="performance-testing.spec.ts" timestamp="2025-09-03T23:55:07.558Z" hostname="chromium" tests="9" failures="9" skipped="0" time="99.858" errors="0">
<testcase name="Performance Testing › should handle large forms efficiently" classname="performance-testing.spec.ts" time="11.302">
<failure message="performance-testing.spec.ts:9:7 should handle large forms efficiently" type="FAILURE">
<![CDATA[  [chromium] › performance-testing.spec.ts:9:7 › Performance Testing › should handle large forms efficiently 

    TimeoutError: page.waitForSelector: Timeout 10000ms exceeded.
    Call log:
      - waiting for locator('[data-testid="perf-test-container"]') to be visible


      4 |   test.beforeEach(async ({ page }) => {
      5 |     await page.goto('/performance-test.html');
    > 6 |     await page.waitForSelector('[data-testid="perf-test-container"]', { timeout: 10000 });
        |                ^
      7 |   });
      8 |
      9 |   test('should handle large forms efficiently', async ({ page }) => {
        at /Users/peterhanssens/consulting/CloudShuttle/leptos-forms/tests/e2e/performance-testing.spec.ts:6:16

    attachment #1: screenshot (image/png) ──────────────────────────────────────────────────────────
    ../../test-results/performance-testing-Perfor-28599-dle-large-forms-efficiently-chromium/test-failed-1.png
    ────────────────────────────────────────────────────────────────────────────────────────────────

    attachment #2: video (video/webm) ──────────────────────────────────────────────────────────────
    ../../test-results/performance-testing-Perfor-28599-dle-large-forms-efficiently-chromium/video.webm
    ────────────────────────────────────────────────────────────────────────────────────────────────

    Error Context: ../../test-results/performance-testing-Perfor-28599-dle-large-forms-efficiently-chromium/error-context.md
]]>
</failure>
<system-out>
<![CDATA[
[[ATTACHMENT|performance-testing-Perfor-28599-dle-large-forms-efficiently-chromium/test-failed-1.png]]

[[ATTACHMENT|performance-testing-Perfor-28599-dle-large-forms-efficiently-chromium/video.webm]]

[[ATTACHMENT|performance-testing-Perfor-28599-dle-large-forms-efficiently-chromium/error-context.md]]
]]>
</system-out>
</testcase>
<testcase name="Performance Testing › should handle rapid user input efficiently" classname="performance-testing.spec.ts" time="11.179">
<failure message="performance-testing.spec.ts:53:7 should handle rapid user input efficiently" type="FAILURE">
<![CDATA[  [chromium] › performance-testing.spec.ts:53:7 › Performance Testing › should handle rapid user input efficiently 

    TimeoutError: page.waitForSelector: Timeout 10000ms exceeded.
    Call log:
      - waiting for locator('[data-testid="perf-test-container"]') to be visible


      4 |   test.beforeEach(async ({ page }) => {
      5 |     await page.goto('/performance-test.html');
    > 6 |     await page.waitForSelector('[data-testid="perf-test-container"]', { timeout: 10000 });
        |                ^
      7 |   });
      8 |
      9 |   test('should handle large forms efficiently', async ({ page }) => {
        at /Users/peterhanssens/consulting/CloudShuttle/leptos-forms/tests/e2e/performance-testing.spec.ts:6:16

    attachment #1: screenshot (image/png) ──────────────────────────────────────────────────────────
    ../../test-results/performance-testing-Perfor-fa0a8-apid-user-input-efficiently-chromium/test-failed-1.png
    ────────────────────────────────────────────────────────────────────────────────────────────────

    attachment #2: video (video/webm) ──────────────────────────────────────────────────────────────
    ../../test-results/performance-testing-Perfor-fa0a8-apid-user-input-efficiently-chromium/video.webm
    ────────────────────────────────────────────────────────────────────────────────────────────────

    Error Context: ../../test-results/performance-testing-Perfor-fa0a8-apid-user-input-efficiently-chromium/error-context.md
]]>
</failure>
<system-out>
<![CDATA[
[[ATTACHMENT|performance-testing-Perfor-fa0a8-apid-user-input-efficiently-chromium/test-failed-1.png]]

[[ATTACHMENT|performance-testing-Perfor-fa0a8-apid-user-input-efficiently-chromium/video.webm]]

[[ATTACHMENT|performance-testing-Perfor-fa0a8-apid-user-input-efficiently-chromium/error-context.md]]
]]>
</system-out>
</testcase>
<testcase name="Performance Testing › should handle validation debouncing efficiently" classname="performance-testing.spec.ts" time="11.098">
<failure message="performance-testing.spec.ts:86:7 should handle validation debouncing efficiently" type="FAILURE">
<![CDATA[  [chromium] › performance-testing.spec.ts:86:7 › Performance Testing › should handle validation debouncing efficiently 

    TimeoutError: page.waitForSelector: Timeout 10000ms exceeded.
    Call log:
      - waiting for locator('[data-testid="perf-test-container"]') to be visible


      4 |   test.beforeEach(async ({ page }) => {
      5 |     await page.goto('/performance-test.html');
    > 6 |     await page.waitForSelector('[data-testid="perf-test-container"]', { timeout: 10000 });
        |                ^
      7 |   });
      8 |
      9 |   test('should handle large forms efficiently', async ({ page }) => {
        at /Users/peterhanssens/consulting/CloudShuttle/leptos-forms/tests/e2e/performance-testing.spec.ts:6:16

    attachment #1: screenshot (image/png) ──────────────────────────────────────────────────────────
    ../../test-results/performance-testing-Perfor-ce8fa-tion-debouncing-efficiently-chromium/test-failed-1.png
    ────────────────────────────────────────────────────────────────────────────────────────────────

    attachment #2: video (video/webm) ──────────────────────────────────────────────────────────────
    ../../test-results/performance-testing-Perfor-ce8fa-tion-debouncing-efficiently-chromium/video.webm
    ────────────────────────────────────────────────────────────────────────────────────────────────

    Error Context: ../../test-results/performance-testing-Perfor-ce8fa-tion-debouncing-efficiently-chromium/error-context.md
]]>
</failure>
<system-out>
<![CDATA[
[[ATTACHMENT|performance-testing-Perfor-ce8fa-tion-debouncing-efficiently-chromium/test-failed-1.png]]

[[ATTACHMENT|performance-testing-Perfor-ce8fa-tion-debouncing-efficiently-chromium/video.webm]]

[[ATTACHMENT|performance-testing-Perfor-ce8fa-tion-debouncing-efficiently-chromium/error-context.md]]
]]>
</system-out>
</testcase>
<testcase name="Performance Testing › should handle memory efficiently with form arrays" classname="performance-testing.spec.ts" time="10.962">
<failure message="performance-testing.spec.ts:106:7 should handle memory efficiently with form arrays" type="FAILURE">
<![CDATA[  [chromium] › performance-testing.spec.ts:106:7 › Performance Testing › should handle memory efficiently with form arrays 

    TimeoutError: page.waitForSelector: Timeout 10000ms exceeded.
    Call log:
      - waiting for locator('[data-testid="perf-test-container"]') to be visible


      4 |   test.beforeEach(async ({ page }) => {
      5 |     await page.goto('/performance-test.html');
    > 6 |     await page.waitForSelector('[data-testid="perf-test-container"]', { timeout: 10000 });
        |                ^
      7 |   });
      8 |
      9 |   test('should handle large forms efficiently', async ({ page }) => {
        at /Users/peterhanssens/consulting/CloudShuttle/leptos-forms/tests/e2e/performance-testing.spec.ts:6:16

    attachment #1: screenshot (image/png) ──────────────────────────────────────────────────────────
    ../../test-results/performance-testing-Perfor-356f7-fficiently-with-form-arrays-chromium/test-failed-1.png
    ────────────────────────────────────────────────────────────────────────────────────────────────

    attachment #2: video (video/webm) ──────────────────────────────────────────────────────────────
    ../../test-results/performance-testing-Perfor-356f7-fficiently-with-form-arrays-chromium/video.webm
    ────────────────────────────────────────────────────────────────────────────────────────────────

    Error Context: ../../test-results/performance-testing-Perfor-356f7-fficiently-with-form-arrays-chromium/error-context.md
]]>
</failure>
<system-out>
<![CDATA[
[[ATTACHMENT|performance-testing-Perfor-356f7-fficiently-with-form-arrays-chromium/test-failed-1.png]]

[[ATTACHMENT|performance-testing-Perfor-356f7-fficiently-with-form-arrays-chromium/video.webm]]

[[ATTACHMENT|performance-testing-Perfor-356f7-fficiently-with-form-arrays-chromium/error-context.md]]
]]>
</system-out>
</testcase>
<testcase name="Performance Testing › should handle form submission efficiently" classname="performance-testing.spec.ts" time="10.414">
<failure message="performance-testing.spec.ts:149:7 should handle form submission efficiently" type="FAILURE">
<![CDATA[  [chromium] › performance-testing.spec.ts:149:7 › Performance Testing › should handle form submission efficiently 

    TimeoutError: page.waitForSelector: Timeout 10000ms exceeded.
    Call log:
      - waiting for locator('[data-testid="perf-test-container"]') to be visible


      4 |   test.beforeEach(async ({ page }) => {
      5 |     await page.goto('/performance-test.html');
    > 6 |     await page.waitForSelector('[data-testid="perf-test-container"]', { timeout: 10000 });
        |                ^
      7 |   });
      8 |
      9 |   test('should handle large forms efficiently', async ({ page }) => {
        at /Users/peterhanssens/consulting/CloudShuttle/leptos-forms/tests/e2e/performance-testing.spec.ts:6:16

    attachment #1: screenshot (image/png) ──────────────────────────────────────────────────────────
    ../../test-results/performance-testing-Perfor-c715d-form-submission-efficiently-chromium/test-failed-1.png
    ────────────────────────────────────────────────────────────────────────────────────────────────

    attachment #2: video (video/webm) ──────────────────────────────────────────────────────────────
    ../../test-results/performance-testing-Perfor-c715d-form-submission-efficiently-chromium/video.webm
    ────────────────────────────────────────────────────────────────────────────────────────────────

    Error Context: ../../test-results/performance-testing-Perfor-c715d-form-submission-efficiently-chromium/error-context.md
]]>
</failure>
<system-out>
<![CDATA[
[[ATTACHMENT|performance-testing-Perfor-c715d-form-submission-efficiently-chromium/test-failed-1.png]]

[[ATTACHMENT|performance-testing-Perfor-c715d-form-submission-efficiently-chromium/video.webm]]

[[ATTACHMENT|performance-testing-Perfor-c715d-form-submission-efficiently-chromium/error-context.md]]
]]>
</system-out>
</testcase>
<testcase name="Performance Testing › should handle concurrent validations efficiently" classname="performance-testing.spec.ts" time="11.218">
<failure message="performance-testing.spec.ts:186:7 should handle concurrent validations efficiently" type="FAILURE">
<![CDATA[  [chromium] › performance-testing.spec.ts:186:7 › Performance Testing › should handle concurrent validations efficiently 

    TimeoutError: page.waitForSelector: Timeout 10000ms exceeded.
    Call log:
      - waiting for locator('[data-testid="perf-test-container"]') to be visible


      4 |   test.beforeEach(async ({ page }) => {
      5 |     await page.goto('/performance-test.html');
    > 6 |     await page.waitForSelector('[data-testid="perf-test-container"]', { timeout: 10000 });
        |                ^
      7 |   });
      8 |
      9 |   test('should handle large forms efficiently', async ({ page }) => {
        at /Users/peterhanssens/consulting/CloudShuttle/leptos-forms/tests/e2e/performance-testing.spec.ts:6:16

    attachment #1: screenshot (image/png) ──────────────────────────────────────────────────────────
    ../../test-results/performance-testing-Perfor-5f4ed-ent-validations-efficiently-chromium/test-failed-1.png
    ────────────────────────────────────────────────────────────────────────────────────────────────

    attachment #2: video (video/webm) ──────────────────────────────────────────────────────────────
    ../../test-results/performance-testing-Perfor-5f4ed-ent-validations-efficiently-chromium/video.webm
    ────────────────────────────────────────────────────────────────────────────────────────────────

    Error Context: ../../test-results/performance-testing-Perfor-5f4ed-ent-validations-efficiently-chromium/error-context.md
]]>
</failure>
<system-out>
<![CDATA[
[[ATTACHMENT|performance-testing-Perfor-5f4ed-ent-validations-efficiently-chromium/test-failed-1.png]]

[[ATTACHMENT|performance-testing-Perfor-5f4ed-ent-validations-efficiently-chromium/video.webm]]

[[ATTACHMENT|performance-testing-Perfor-5f4ed-ent-validations-efficiently-chromium/error-context.md]]
]]>
</system-out>
</testcase>
<testcase name="Performance Testing › should handle scroll performance with large forms" classname="performance-testing.spec.ts" time="11.249">
<failure message="performance-testing.spec.ts:228:7 should handle scroll performance with large forms" type="FAILURE">
<![CDATA[  [chromium] › performance-testing.spec.ts:228:7 › Performance Testing › should handle scroll performance with large forms 

    TimeoutError: page.waitForSelector: Timeout 10000ms exceeded.
    Call log:
      - waiting for locator('[data-testid="perf-test-container"]') to be visible


      4 |   test.beforeEach(async ({ page }) => {
      5 |     await page.goto('/performance-test.html');
    > 6 |     await page.waitForSelector('[data-testid="perf-test-container"]', { timeout: 10000 });
        |                ^
      7 |   });
      8 |
      9 |   test('should handle large forms efficiently', async ({ page }) => {
        at /Users/peterhanssens/consulting/CloudShuttle/leptos-forms/tests/e2e/performance-testing.spec.ts:6:16

    attachment #1: screenshot (image/png) ──────────────────────────────────────────────────────────
    ../../test-results/performance-testing-Perfor-3bf80-erformance-with-large-forms-chromium/test-failed-1.png
    ────────────────────────────────────────────────────────────────────────────────────────────────

    attachment #2: video (video/webm) ──────────────────────────────────────────────────────────────
    ../../test-results/performance-testing-Perfor-3bf80-erformance-with-large-forms-chromium/video.webm
    ────────────────────────────────────────────────────────────────────────────────────────────────

    Error Context: ../../test-results/performance-testing-Perfor-3bf80-erformance-with-large-forms-chromium/error-context.md
]]>
</failure>
<system-out>
<![CDATA[
[[ATTACHMENT|performance-testing-Perfor-3bf80-erformance-with-large-forms-chromium/test-failed-1.png]]

[[ATTACHMENT|performance-testing-Perfor-3bf80-erformance-with-large-forms-chromium/video.webm]]

[[ATTACHMENT|performance-testing-Perfor-3bf80-erformance-with-large-forms-chromium/error-context.md]]
]]>
</system-out>
</testcase>
<testcase name="Performance Testing › should maintain performance during error states" classname="performance-testing.spec.ts" time="11.325">
<failure message="performance-testing.spec.ts:264:7 should maintain performance during error states" type="FAILURE">
<![CDATA[  [chromium] › performance-testing.spec.ts:264:7 › Performance Testing › should maintain performance during error states 

    TimeoutError: page.waitForSelector: Timeout 10000ms exceeded.
    Call log:
      - waiting for locator('[data-testid="perf-test-container"]') to be visible


      4 |   test.beforeEach(async ({ page }) => {
      5 |     await page.goto('/performance-test.html');
    > 6 |     await page.waitForSelector('[data-testid="perf-test-container"]', { timeout: 10000 });
        |                ^
      7 |   });
      8 |
      9 |   test('should handle large forms efficiently', async ({ page }) => {
        at /Users/peterhanssens/consulting/CloudShuttle/leptos-forms/tests/e2e/performance-testing.spec.ts:6:16

    attachment #1: screenshot (image/png) ──────────────────────────────────────────────────────────
    ../../test-results/performance-testing-Perfor-ef5fc-ormance-during-error-states-chromium/test-failed-1.png
    ────────────────────────────────────────────────────────────────────────────────────────────────

    attachment #2: video (video/webm) ──────────────────────────────────────────────────────────────
    ../../test-results/performance-testing-Perfor-ef5fc-ormance-during-error-states-chromium/video.webm
    ────────────────────────────────────────────────────────────────────────────────────────────────

    Error Context: ../../test-results/performance-testing-Perfor-ef5fc-ormance-during-error-states-chromium/error-context.md
]]>
</failure>
<system-out>
<![CDATA[
[[ATTACHMENT|performance-testing-Perfor-ef5fc-ormance-during-error-states-chromium/test-failed-1.png]]

[[ATTACHMENT|performance-testing-Perfor-ef5fc-ormance-during-error-states-chromium/video.webm]]

[[ATTACHMENT|performance-testing-Perfor-ef5fc-ormance-during-error-states-chromium/error-context.md]]
]]>
</system-out>
</testcase>
<testcase name="Performance Testing › should handle memory cleanup properly" classname="performance-testing.spec.ts" time="11.111">
<failure message="performance-testing.spec.ts:304:7 should handle memory cleanup properly" type="FAILURE">
<![CDATA[  [chromium] › performance-testing.spec.ts:304:7 › Performance Testing › should handle memory cleanup properly 

    TimeoutError: page.waitForSelector: Timeout 10000ms exceeded.
    Call log:
      - waiting for locator('[data-testid="perf-test-container"]') to be visible


      4 |   test.beforeEach(async ({ page }) => {
      5 |     await page.goto('/performance-test.html');
    > 6 |     await page.waitForSelector('[data-testid="perf-test-container"]', { timeout: 10000 });
        |                ^
      7 |   });
      8 |
      9 |   test('should handle large forms efficiently', async ({ page }) => {
        at /Users/peterhanssens/consulting/CloudShuttle/leptos-forms/tests/e2e/performance-testing.spec.ts:6:16

    attachment #1: screenshot (image/png) ──────────────────────────────────────────────────────────
    ../../test-results/performance-testing-Perfor-f3e47-dle-memory-cleanup-properly-chromium/test-failed-1.png
    ────────────────────────────────────────────────────────────────────────────────────────────────

    attachment #2: video (video/webm) ──────────────────────────────────────────────────────────────
    ../../test-results/performance-testing-Perfor-f3e47-dle-memory-cleanup-properly-chromium/video.webm
    ────────────────────────────────────────────────────────────────────────────────────────────────

    Error Context: ../../test-results/performance-testing-Perfor-f3e47-dle-memory-cleanup-properly-chromium/error-context.md
]]>
</failure>
<system-out>
<![CDATA[
[[ATTACHMENT|performance-testing-Perfor-f3e47-dle-memory-cleanup-properly-chromium/test-failed-1.png]]

[[ATTACHMENT|performance-testing-Perfor-f3e47-dle-memory-cleanup-properly-chromium/video.webm]]

[[ATTACHMENT|performance-testing-Perfor-f3e47-dle-memory-cleanup-properly-chromium/error-context.md]]
]]>
</system-out>
</testcase>
</testsuite>
<testsuite name="setup-test.spec.ts" timestamp="2025-09-03T23:55:07.558Z" hostname="chromium" tests="4" failures="0" skipped="0" time="2.312" errors="0">
<testcase name="Playwright Setup Verification › should have working Playwright environment" classname="setup-test.spec.ts" time="0.465">
</testcase>
<testcase name="Playwright Setup Verification › should handle basic browser interactions" classname="setup-test.spec.ts" time="0.329">
</testcase>
<testcase name="Playwright Setup Verification › should handle viewport changes" classname="setup-test.spec.ts" time="1.203">
<system-out>
<![CDATA[Current width reported: 375
Actual window.innerWidth: [33m375[39m
]]>
</system-out>
</testcase>
<testcase name="Playwright Setup Verification › should handle async operations" classname="setup-test.spec.ts" time="0.315">
</testcase>
</testsuite>
<testsuite name="smoke.spec.ts" timestamp="2025-09-03T23:55:07.558Z" hostname="chromium" tests="3" failures="0" skipped="0" time="1.741" errors="0">
<testcase name="Smoke Tests › should load the test suite index" classname="smoke.spec.ts" time="0.33">
</testcase>
<testcase name="Smoke Tests › should have test suite navigation" classname="smoke.spec.ts" time="0.93">
</testcase>
<testcase name="Smoke Tests › should handle basic page interactions" classname="smoke.spec.ts" time="0.481">
</testcase>
</testsuite>
<testsuite name="utils/test-helpers.spec.ts" timestamp="2025-09-03T23:55:07.558Z" hostname="chromium" tests="3" failures="0" skipped="0" time="0.101" errors="0">
<testcase name="Test Helpers › should provide common form selectors" classname="utils/test-helpers.spec.ts" time="0.025">
</testcase>
<testcase name="Test Helpers › should provide test data constants" classname="utils/test-helpers.spec.ts" time="0.021">
</testcase>
<testcase name="Test Helpers › should provide utility methods" classname="utils/test-helpers.spec.ts" time="0.055">
</testcase>
</testsuite>
<testsuite name="validation-comprehensive.spec.ts" timestamp="2025-09-03T23:55:07.558Z" hostname="chromium" tests="10" failures="10" skipped="0" time="109.629" errors="0">
<testcase name="Comprehensive Form Validation › should validate all field types correctly" classname="validation-comprehensive.spec.ts" time="11.032">
<failure message="validation-comprehensive.spec.ts:9:7 should validate all field types correctly" type="FAILURE">
<![CDATA[  [chromium] › validation-comprehensive.spec.ts:9:7 › Comprehensive Form Validation › should validate all field types correctly 

    TimeoutError: page.waitForSelector: Timeout 10000ms exceeded.
    Call log:
      - waiting for locator('[data-testid="complex-form"]') to be visible


      4 |   test.beforeEach(async ({ page }) => {
      5 |     await page.goto('/complex-form.html');
    > 6 |     await page.waitForSelector('[data-testid="complex-form"]', { timeout: 10000 });
        |                ^
      7 |   });
      8 |
      9 |   test('should validate all field types correctly', async ({ page }) => {
        at /Users/peterhanssens/consulting/CloudShuttle/leptos-forms/tests/e2e/validation-comprehensive.spec.ts:6:16

    attachment #1: screenshot (image/png) ──────────────────────────────────────────────────────────
    ../../test-results/validation-comprehensive-C-dda65-e-all-field-types-correctly-chromium/test-failed-1.png
    ────────────────────────────────────────────────────────────────────────────────────────────────

    attachment #2: video (video/webm) ──────────────────────────────────────────────────────────────
    ../../test-results/validation-comprehensive-C-dda65-e-all-field-types-correctly-chromium/video.webm
    ────────────────────────────────────────────────────────────────────────────────────────────────

    Error Context: ../../test-results/validation-comprehensive-C-dda65-e-all-field-types-correctly-chromium/error-context.md
]]>
</failure>
<system-out>
<![CDATA[
[[ATTACHMENT|validation-comprehensive-C-dda65-e-all-field-types-correctly-chromium/test-failed-1.png]]

[[ATTACHMENT|validation-comprehensive-C-dda65-e-all-field-types-correctly-chromium/video.webm]]

[[ATTACHMENT|validation-comprehensive-C-dda65-e-all-field-types-correctly-chromium/error-context.md]]
]]>
</system-out>
</testcase>
<testcase name="Comprehensive Form Validation › should handle real-time validation" classname="validation-comprehensive.spec.ts" time="11.103">
<failure message="validation-comprehensive.spec.ts:41:7 should handle real-time validation" type="FAILURE">
<![CDATA[  [chromium] › validation-comprehensive.spec.ts:41:7 › Comprehensive Form Validation › should handle real-time validation 

    TimeoutError: page.waitForSelector: Timeout 10000ms exceeded.
    Call log:
      - waiting for locator('[data-testid="complex-form"]') to be visible


      4 |   test.beforeEach(async ({ page }) => {
      5 |     await page.goto('/complex-form.html');
    > 6 |     await page.waitForSelector('[data-testid="complex-form"]', { timeout: 10000 });
        |                ^
      7 |   });
      8 |
      9 |   test('should validate all field types correctly', async ({ page }) => {
        at /Users/peterhanssens/consulting/CloudShuttle/leptos-forms/tests/e2e/validation-comprehensive.spec.ts:6:16

    attachment #1: screenshot (image/png) ──────────────────────────────────────────────────────────
    ../../test-results/validation-comprehensive-C-42872-handle-real-time-validation-chromium/test-failed-1.png
    ────────────────────────────────────────────────────────────────────────────────────────────────

    attachment #2: video (video/webm) ──────────────────────────────────────────────────────────────
    ../../test-results/validation-comprehensive-C-42872-handle-real-time-validation-chromium/video.webm
    ────────────────────────────────────────────────────────────────────────────────────────────────

    Error Context: ../../test-results/validation-comprehensive-C-42872-handle-real-time-validation-chromium/error-context.md
]]>
</failure>
<system-out>
<![CDATA[
[[ATTACHMENT|validation-comprehensive-C-42872-handle-real-time-validation-chromium/test-failed-1.png]]

[[ATTACHMENT|validation-comprehensive-C-42872-handle-real-time-validation-chromium/video.webm]]

[[ATTACHMENT|validation-comprehensive-C-42872-handle-real-time-validation-chromium/error-context.md]]
]]>
</system-out>
</testcase>
<testcase name="Comprehensive Form Validation › should validate cross-field dependencies" classname="validation-comprehensive.spec.ts" time="11.213">
<failure message="validation-comprehensive.spec.ts:60:7 should validate cross-field dependencies" type="FAILURE">
<![CDATA[  [chromium] › validation-comprehensive.spec.ts:60:7 › Comprehensive Form Validation › should validate cross-field dependencies 

    TimeoutError: page.waitForSelector: Timeout 10000ms exceeded.
    Call log:
      - waiting for locator('[data-testid="complex-form"]') to be visible


      4 |   test.beforeEach(async ({ page }) => {
      5 |     await page.goto('/complex-form.html');
    > 6 |     await page.waitForSelector('[data-testid="complex-form"]', { timeout: 10000 });
        |                ^
      7 |   });
      8 |
      9 |   test('should validate all field types correctly', async ({ page }) => {
        at /Users/peterhanssens/consulting/CloudShuttle/leptos-forms/tests/e2e/validation-comprehensive.spec.ts:6:16

    attachment #1: screenshot (image/png) ──────────────────────────────────────────────────────────
    ../../test-results/validation-comprehensive-C-3e75d-te-cross-field-dependencies-chromium/test-failed-1.png
    ────────────────────────────────────────────────────────────────────────────────────────────────

    attachment #2: video (video/webm) ──────────────────────────────────────────────────────────────
    ../../test-results/validation-comprehensive-C-3e75d-te-cross-field-dependencies-chromium/video.webm
    ────────────────────────────────────────────────────────────────────────────────────────────────

    Error Context: ../../test-results/validation-comprehensive-C-3e75d-te-cross-field-dependencies-chromium/error-context.md
]]>
</failure>
<system-out>
<![CDATA[
[[ATTACHMENT|validation-comprehensive-C-3e75d-te-cross-field-dependencies-chromium/test-failed-1.png]]

[[ATTACHMENT|validation-comprehensive-C-3e75d-te-cross-field-dependencies-chromium/video.webm]]

[[ATTACHMENT|validation-comprehensive-C-3e75d-te-cross-field-dependencies-chromium/error-context.md]]
]]>
</system-out>
</testcase>
<testcase name="Comprehensive Form Validation › should handle async validation" classname="validation-comprehensive.spec.ts" time="11.159">
<failure message="validation-comprehensive.spec.ts:79:7 should handle async validation" type="FAILURE">
<![CDATA[  [chromium] › validation-comprehensive.spec.ts:79:7 › Comprehensive Form Validation › should handle async validation 

    TimeoutError: page.waitForSelector: Timeout 10000ms exceeded.
    Call log:
      - waiting for locator('[data-testid="complex-form"]') to be visible


      4 |   test.beforeEach(async ({ page }) => {
      5 |     await page.goto('/complex-form.html');
    > 6 |     await page.waitForSelector('[data-testid="complex-form"]', { timeout: 10000 });
        |                ^
      7 |   });
      8 |
      9 |   test('should validate all field types correctly', async ({ page }) => {
        at /Users/peterhanssens/consulting/CloudShuttle/leptos-forms/tests/e2e/validation-comprehensive.spec.ts:6:16

    attachment #1: screenshot (image/png) ──────────────────────────────────────────────────────────
    ../../test-results/validation-comprehensive-C-4d069-uld-handle-async-validation-chromium/test-failed-1.png
    ────────────────────────────────────────────────────────────────────────────────────────────────

    attachment #2: video (video/webm) ──────────────────────────────────────────────────────────────
    ../../test-results/validation-comprehensive-C-4d069-uld-handle-async-validation-chromium/video.webm
    ────────────────────────────────────────────────────────────────────────────────────────────────

    Error Context: ../../test-results/validation-comprehensive-C-4d069-uld-handle-async-validation-chromium/error-context.md
]]>
</failure>
<system-out>
<![CDATA[
[[ATTACHMENT|validation-comprehensive-C-4d069-uld-handle-async-validation-chromium/test-failed-1.png]]

[[ATTACHMENT|validation-comprehensive-C-4d069-uld-handle-async-validation-chromium/video.webm]]

[[ATTACHMENT|validation-comprehensive-C-4d069-uld-handle-async-validation-chromium/error-context.md]]
]]>
</system-out>
</testcase>
<testcase name="Comprehensive Form Validation › should validate file upload fields" classname="validation-comprehensive.spec.ts" time="11.169">
<failure message="validation-comprehensive.spec.ts:102:7 should validate file upload fields" type="FAILURE">
<![CDATA[  [chromium] › validation-comprehensive.spec.ts:102:7 › Comprehensive Form Validation › should validate file upload fields 

    TimeoutError: page.waitForSelector: Timeout 10000ms exceeded.
    Call log:
      - waiting for locator('[data-testid="complex-form"]') to be visible


      4 |   test.beforeEach(async ({ page }) => {
      5 |     await page.goto('/complex-form.html');
    > 6 |     await page.waitForSelector('[data-testid="complex-form"]', { timeout: 10000 });
        |                ^
      7 |   });
      8 |
      9 |   test('should validate all field types correctly', async ({ page }) => {
        at /Users/peterhanssens/consulting/CloudShuttle/leptos-forms/tests/e2e/validation-comprehensive.spec.ts:6:16

    attachment #1: screenshot (image/png) ──────────────────────────────────────────────────────────
    ../../test-results/validation-comprehensive-C-41a93-validate-file-upload-fields-chromium/test-failed-1.png
    ────────────────────────────────────────────────────────────────────────────────────────────────

    attachment #2: video (video/webm) ──────────────────────────────────────────────────────────────
    ../../test-results/validation-comprehensive-C-41a93-validate-file-upload-fields-chromium/video.webm
    ────────────────────────────────────────────────────────────────────────────────────────────────

    Error Context: ../../test-results/validation-comprehensive-C-41a93-validate-file-upload-fields-chromium/error-context.md
]]>
</failure>
<system-out>
<![CDATA[
[[ATTACHMENT|validation-comprehensive-C-41a93-validate-file-upload-fields-chromium/test-failed-1.png]]

[[ATTACHMENT|validation-comprehensive-C-41a93-validate-file-upload-fields-chromium/video.webm]]

[[ATTACHMENT|validation-comprehensive-C-41a93-validate-file-upload-fields-chromium/error-context.md]]
]]>
</system-out>
</testcase>
<testcase name="Comprehensive Form Validation › should validate array fields" classname="validation-comprehensive.spec.ts" time="10.616">
<failure message="validation-comprehensive.spec.ts:126:7 should validate array fields" type="FAILURE">
<![CDATA[  [chromium] › validation-comprehensive.spec.ts:126:7 › Comprehensive Form Validation › should validate array fields 

    TimeoutError: page.waitForSelector: Timeout 10000ms exceeded.
    Call log:
      - waiting for locator('[data-testid="complex-form"]') to be visible


      4 |   test.beforeEach(async ({ page }) => {
      5 |     await page.goto('/complex-form.html');
    > 6 |     await page.waitForSelector('[data-testid="complex-form"]', { timeout: 10000 });
        |                ^
      7 |   });
      8 |
      9 |   test('should validate all field types correctly', async ({ page }) => {
        at /Users/peterhanssens/consulting/CloudShuttle/leptos-forms/tests/e2e/validation-comprehensive.spec.ts:6:16

    attachment #1: screenshot (image/png) ──────────────────────────────────────────────────────────
    ../../test-results/validation-comprehensive-C-3d52f-hould-validate-array-fields-chromium/test-failed-1.png
    ────────────────────────────────────────────────────────────────────────────────────────────────

    attachment #2: video (video/webm) ──────────────────────────────────────────────────────────────
    ../../test-results/validation-comprehensive-C-3d52f-hould-validate-array-fields-chromium/video.webm
    ────────────────────────────────────────────────────────────────────────────────────────────────

    Error Context: ../../test-results/validation-comprehensive-C-3d52f-hould-validate-array-fields-chromium/error-context.md
]]>
</failure>
<system-out>
<![CDATA[
[[ATTACHMENT|validation-comprehensive-C-3d52f-hould-validate-array-fields-chromium/test-failed-1.png]]

[[ATTACHMENT|validation-comprehensive-C-3d52f-hould-validate-array-fields-chromium/video.webm]]

[[ATTACHMENT|validation-comprehensive-C-3d52f-hould-validate-array-fields-chromium/error-context.md]]
]]>
</system-out>
</testcase>
<testcase name="Comprehensive Form Validation › should validate complex nested forms" classname="validation-comprehensive.spec.ts" time="10.819">
<failure message="validation-comprehensive.spec.ts:157:7 should validate complex nested forms" type="FAILURE">
<![CDATA[  [chromium] › validation-comprehensive.spec.ts:157:7 › Comprehensive Form Validation › should validate complex nested forms 

    TimeoutError: page.waitForSelector: Timeout 10000ms exceeded.
    Call log:
      - waiting for locator('[data-testid="complex-form"]') to be visible


      4 |   test.beforeEach(async ({ page }) => {
      5 |     await page.goto('/complex-form.html');
    > 6 |     await page.waitForSelector('[data-testid="complex-form"]', { timeout: 10000 });
        |                ^
      7 |   });
      8 |
      9 |   test('should validate all field types correctly', async ({ page }) => {
        at /Users/peterhanssens/consulting/CloudShuttle/leptos-forms/tests/e2e/validation-comprehensive.spec.ts:6:16

    attachment #1: screenshot (image/png) ──────────────────────────────────────────────────────────
    ../../test-results/validation-comprehensive-C-dc23e-lidate-complex-nested-forms-chromium/test-failed-1.png
    ────────────────────────────────────────────────────────────────────────────────────────────────

    attachment #2: video (video/webm) ──────────────────────────────────────────────────────────────
    ../../test-results/validation-comprehensive-C-dc23e-lidate-complex-nested-forms-chromium/video.webm
    ────────────────────────────────────────────────────────────────────────────────────────────────

    Error Context: ../../test-results/validation-comprehensive-C-dc23e-lidate-complex-nested-forms-chromium/error-context.md
]]>
</failure>
<system-out>
<![CDATA[
[[ATTACHMENT|validation-comprehensive-C-dc23e-lidate-complex-nested-forms-chromium/test-failed-1.png]]

[[ATTACHMENT|validation-comprehensive-C-dc23e-lidate-complex-nested-forms-chromium/video.webm]]

[[ATTACHMENT|validation-comprehensive-C-dc23e-lidate-complex-nested-forms-chromium/error-context.md]]
]]>
</system-out>
</testcase>
<testcase name="Comprehensive Form Validation › should handle validation error recovery" classname="validation-comprehensive.spec.ts" time="10.961">
<failure message="validation-comprehensive.spec.ts:189:7 should handle validation error recovery" type="FAILURE">
<![CDATA[  [chromium] › validation-comprehensive.spec.ts:189:7 › Comprehensive Form Validation › should handle validation error recovery 

    TimeoutError: page.waitForSelector: Timeout 10000ms exceeded.
    Call log:
      - waiting for locator('[data-testid="complex-form"]') to be visible


      4 |   test.beforeEach(async ({ page }) => {
      5 |     await page.goto('/complex-form.html');
    > 6 |     await page.waitForSelector('[data-testid="complex-form"]', { timeout: 10000 });
        |                ^
      7 |   });
      8 |
      9 |   test('should validate all field types correctly', async ({ page }) => {
        at /Users/peterhanssens/consulting/CloudShuttle/leptos-forms/tests/e2e/validation-comprehensive.spec.ts:6:16

    attachment #1: screenshot (image/png) ──────────────────────────────────────────────────────────
    ../../test-results/validation-comprehensive-C-cd06b-e-validation-error-recovery-chromium/test-failed-1.png
    ────────────────────────────────────────────────────────────────────────────────────────────────

    attachment #2: video (video/webm) ──────────────────────────────────────────────────────────────
    ../../test-results/validation-comprehensive-C-cd06b-e-validation-error-recovery-chromium/video.webm
    ────────────────────────────────────────────────────────────────────────────────────────────────

    Error Context: ../../test-results/validation-comprehensive-C-cd06b-e-validation-error-recovery-chromium/error-context.md
]]>
</failure>
<system-out>
<![CDATA[
[[ATTACHMENT|validation-comprehensive-C-cd06b-e-validation-error-recovery-chromium/test-failed-1.png]]

[[ATTACHMENT|validation-comprehensive-C-cd06b-e-validation-error-recovery-chromium/video.webm]]

[[ATTACHMENT|validation-comprehensive-C-cd06b-e-validation-error-recovery-chromium/error-context.md]]
]]>
</system-out>
</testcase>
<testcase name="Comprehensive Form Validation › should persist validation state during navigation" classname="validation-comprehensive.spec.ts" time="10.84">
<failure message="validation-comprehensive.spec.ts:221:7 should persist validation state during navigation" type="FAILURE">
<![CDATA[  [chromium] › validation-comprehensive.spec.ts:221:7 › Comprehensive Form Validation › should persist validation state during navigation 

    TimeoutError: page.waitForSelector: Timeout 10000ms exceeded.
    Call log:
      - waiting for locator('[data-testid="complex-form"]') to be visible


      4 |   test.beforeEach(async ({ page }) => {
      5 |     await page.goto('/complex-form.html');
    > 6 |     await page.waitForSelector('[data-testid="complex-form"]', { timeout: 10000 });
        |                ^
      7 |   });
      8 |
      9 |   test('should validate all field types correctly', async ({ page }) => {
        at /Users/peterhanssens/consulting/CloudShuttle/leptos-forms/tests/e2e/validation-comprehensive.spec.ts:6:16

    attachment #1: screenshot (image/png) ──────────────────────────────────────────────────────────
    ../../test-results/validation-comprehensive-C-fc7c1-ion-state-during-navigation-chromium/test-failed-1.png
    ────────────────────────────────────────────────────────────────────────────────────────────────

    attachment #2: video (video/webm) ──────────────────────────────────────────────────────────────
    ../../test-results/validation-comprehensive-C-fc7c1-ion-state-during-navigation-chromium/video.webm
    ────────────────────────────────────────────────────────────────────────────────────────────────

    Error Context: ../../test-results/validation-comprehensive-C-fc7c1-ion-state-during-navigation-chromium/error-context.md
]]>
</failure>
<system-out>
<![CDATA[
[[ATTACHMENT|validation-comprehensive-C-fc7c1-ion-state-during-navigation-chromium/test-failed-1.png]]

[[ATTACHMENT|validation-comprehensive-C-fc7c1-ion-state-during-navigation-chromium/video.webm]]

[[ATTACHMENT|validation-comprehensive-C-fc7c1-ion-state-during-navigation-chromium/error-context.md]]
]]>
</system-out>
</testcase>
<testcase name="Comprehensive Form Validation › should handle validation with dynamic field changes" classname="validation-comprehensive.spec.ts" time="10.717">
<failure message="validation-comprehensive.spec.ts:239:7 should handle validation with dynamic field changes" type="FAILURE">
<![CDATA[  [chromium] › validation-comprehensive.spec.ts:239:7 › Comprehensive Form Validation › should handle validation with dynamic field changes 

    TimeoutError: page.waitForSelector: Timeout 10000ms exceeded.
    Call log:
      - waiting for locator('[data-testid="complex-form"]') to be visible


      4 |   test.beforeEach(async ({ page }) => {
      5 |     await page.goto('/complex-form.html');
    > 6 |     await page.waitForSelector('[data-testid="complex-form"]', { timeout: 10000 });
        |                ^
      7 |   });
      8 |
      9 |   test('should validate all field types correctly', async ({ page }) => {
        at /Users/peterhanssens/consulting/CloudShuttle/leptos-forms/tests/e2e/validation-comprehensive.spec.ts:6:16

    attachment #1: screenshot (image/png) ──────────────────────────────────────────────────────────
    ../../test-results/validation-comprehensive-C-0869f--with-dynamic-field-changes-chromium/test-failed-1.png
    ────────────────────────────────────────────────────────────────────────────────────────────────

    attachment #2: video (video/webm) ──────────────────────────────────────────────────────────────
    ../../test-results/validation-comprehensive-C-0869f--with-dynamic-field-changes-chromium/video.webm
    ────────────────────────────────────────────────────────────────────────────────────────────────

    Error Context: ../../test-results/validation-comprehensive-C-0869f--with-dynamic-field-changes-chromium/error-context.md
]]>
</failure>
<system-out>
<![CDATA[
[[ATTACHMENT|validation-comprehensive-C-0869f--with-dynamic-field-changes-chromium/test-failed-1.png]]

[[ATTACHMENT|validation-comprehensive-C-0869f--with-dynamic-field-changes-chromium/video.webm]]

[[ATTACHMENT|validation-comprehensive-C-0869f--with-dynamic-field-changes-chromium/error-context.md]]
]]>
</system-out>
</testcase>
</testsuite>
<testsuite name="basic-form.spec.ts" timestamp="2025-09-03T23:55:07.558Z" hostname="firefox" tests="11" failures="0" skipped="0" time="28.41" errors="0">
<testcase name="Basic Form Example › should display the login form with all fields" classname="basic-form.spec.ts" time="1.518">
</testcase>
<testcase name="Basic Form Example › should show validation errors for empty required fields" classname="basic-form.spec.ts" time="0.559">
</testcase>
<testcase name="Basic Form Example › should validate username field requirements" classname="basic-form.spec.ts" time="0.525">
</testcase>
<testcase name="Basic Form Example › should validate password field requirements" classname="basic-form.spec.ts" time="0.344">
</testcase>
<testcase name="Basic Form Example › should accept valid form data and submit successfully" classname="basic-form.spec.ts" time="3.883">
</testcase>
<testcase name="Basic Form Example › should handle field focus and blur events" classname="basic-form.spec.ts" time="3.152">
</testcase>
<testcase name="Basic Form Example › should handle keyboard navigation" classname="basic-form.spec.ts" time="4.538">
</testcase>
<testcase name="Basic Form Example › should be accessible with screen readers" classname="basic-form.spec.ts" time="4.964">
</testcase>
<testcase name="Basic Form Example › should work on mobile devices" classname="basic-form.spec.ts" time="4.926">
</testcase>
<testcase name="Basic Form Example › should handle rapid form interactions" classname="basic-form.spec.ts" time="1.721">
</testcase>
<testcase name="Basic Form Example › should preserve form state during navigation" classname="basic-form.spec.ts" time="2.28">
</testcase>
</testsuite>
<testsuite name="complex-form.spec.ts" timestamp="2025-09-03T23:55:07.558Z" hostname="firefox" tests="11" failures="1" skipped="0" time="56.21" errors="0">
<testcase name="Complex Form Example › should display the multi-step registration form" classname="complex-form.spec.ts" time="1.096">
</testcase>
<testcase name="Complex Form Example › should navigate between form steps" classname="complex-form.spec.ts" time="3.951">
</testcase>
<testcase name="Complex Form Example › should validate each step before allowing progression" classname="complex-form.spec.ts" time="2.3">
</testcase>
<testcase name="Complex Form Example › should handle address fields in step 2" classname="complex-form.spec.ts" time="2.406">
</testcase>
<testcase name="Complex Form Example › should handle conditional fields" classname="complex-form.spec.ts" time="2.76">
</testcase>
<testcase name="Complex Form Example › should validate complex field relationships" classname="complex-form.spec.ts" time="5.992">
</testcase>
<testcase name="Complex Form Example › should handle file uploads" classname="complex-form.spec.ts" time="1.954">
</testcase>
<testcase name="Complex Form Example › should handle form persistence and recovery" classname="complex-form.spec.ts" time="3.898">
</testcase>
<testcase name="Complex Form Example › should handle keyboard navigation across steps" classname="complex-form.spec.ts" time="1.608">
</testcase>
<testcase name="Complex Form Example › should handle mobile interactions" classname="complex-form.spec.ts" time="2.043">
</testcase>
<testcase name="Complex Form Example › should handle form submission with all steps completed" classname="complex-form.spec.ts" time="28.202">
<failure message="complex-form.spec.ts:333:7 should handle form submission with all steps completed" type="FAILURE">
<![CDATA[  [firefox] › complex-form.spec.ts:333:7 › Complex Form Example › should handle form submission with all steps completed 

    Error: page.click: Target page, context or browser has been closed
    Browser logs:

    <launching> /Users/peterhanssens/Library/Caches/ms-playwright/firefox-1490/firefox/Nightly.app/Contents/MacOS/firefox -no-remote -headless -profile /var/folders/gk/3qgq57217gd79wt6vf39g1th0000gn/T/playwright_firefoxdev_profile-QMBgaa -juggler-pipe -silent
    <launched> pid=22644
    [pid=22644][err] *** You are running in headless mode.
    [pid=22644][err] JavaScript warning: resource://services-settings/Utils.sys.mjs, line 116: unreachable code after return statement
    [pid=22644][out] console.warn: services.settings: Ignoring preference override of remote settings server
    [pid=22644][out] console.warn: services.settings: Allow by setting MOZ_REMOTE_SETTINGS_DEVTOOLS=1 in the environment
    [pid=22644][out] 
    [pid=22644][out] Juggler listening to the pipe
    [pid=22644][out] console.error: services.settings: 
    [pid=22644][out]   Message: EmptyDatabaseError: "main/nimbus-desktop-experiments" has not been synced yet
    [pid=22644][out]   Stack:
    [pid=22644][out]     EmptyDatabaseError@resource://services-settings/Database.sys.mjs:19:5
    [pid=22644][out] list@resource://services-settings/Database.sys.mjs:96:13
    [pid=22644][out] 
    [pid=22644][err] JavaScript error: http://localhost:3000/basic-form.html, line 240: TypeError: can't access property "addEventListener", resetButton is null
    [pid=22644][out] console.error: services.settings: 
    [pid=22644][out]   Message: EmptyDatabaseError: "main/nimbus-secure-experiments" has not been synced yet
    [pid=22644][out]   Stack:
    [pid=22644][out]     EmptyDatabaseError@resource://services-settings/Database.sys.mjs:19:5
    [pid=22644][out] list@resource://services-settings/Database.sys.mjs:96:13
    [pid=22644][out] 
    [pid=22644][out] console.warn: services.settings: #fetchAttachment: Forcing fallbackToDump to false due to Utils.LOAD_DUMPS being false
    [pid=22644][out] console.error: (new NotFoundError("Could not find fa0fc42c-d91d-fca7-34eb-806ff46062dc in cache or dump", "resource://services-settings/Attachments.sys.mjs", 48))
    [pid=22644][out] console.warn: "Unable to find the attachment for" "fa0fc42c-d91d-fca7-34eb-806ff46062dc"
    [pid=22644][err] JavaScript error: chrome://juggler/content/Helper.js, line 82: NS_ERROR_FAILURE: Component returned failure code: 0x80004005 (NS_ERROR_FAILURE) [nsIWebProgress.removeProgressListener]
    [pid=22644][err] JavaScript error: http://localhost:3000/basic-form.html, line 240: TypeError: can't access property "addEventListener", resetButton is null
    [pid=22644][out] Crash Annotation GraphicsCriticalError: |[0][GFX1-]: RenderCompositorSWGL failed mapping default framebuffer, no dt (t=2.79167) [GFX1-]: RenderCompositorSWGL failed mapping default framebuffer, no dt
    [pid=22644][err] JavaScript error: chrome://juggler/content/Helper.js, line 82: NS_ERROR_FAILURE: Component returned failure code: 0x80004005 (NS_ERROR_FAILURE) [nsIWebProgress.removeProgressListener]
    [pid=22644][err] JavaScript error: http://localhost:3000/basic-form.html, line 240: TypeError: can't access property "addEventListener", resetButton is null
    [pid=22644][err] JavaScript error: chrome://juggler/content/Helper.js, line 82: NS_ERROR_FAILURE: Component returned failure code: 0x80004005 (NS_ERROR_FAILURE) [nsIWebProgress.removeProgressListener]
    [pid=22644][err] JavaScript error: http://localhost:3000/basic-form.html, line 240: TypeError: can't access property "addEventListener", resetButton is null
    [pid=22644][out] console.warn: LoginRecipes: "Falling back to a synchronous message for: http://localhost:3000."
    [pid=22644][err] JavaScript error: chrome://juggler/content/Helper.js, line 82: NS_ERROR_FAILURE: Component returned failure code: 0x80004005 (NS_ERROR_FAILURE) [nsIWebProgress.removeProgressListener]
    [pid=22644][err] JavaScript error: http://localhost:3000/basic-form.html, line 240: TypeError: can't access property "addEventListener", resetButton is null
    [pid=22644][out] console.warn: LoginRecipes: "Falling back to a synchronous message for: http://localhost:3000."
    [pid=22644][err] JavaScript error: chrome://juggler/content/Helper.js, line 82: NS_ERROR_FAILURE: Component returned failure code: 0x80004005 (NS_ERROR_FAILURE) [nsIWebProgress.removeProgressListener]
    [pid=22644][err] JavaScript error: http://localhost:3000/basic-form.html, line 240: TypeError: can't access property "addEventListener", resetButton is null
    [pid=22644][out] console.warn: LoginRecipes: "Falling back to a synchronous message for: http://localhost:3000."
    [pid=22644][err] JavaScript error: chrome://juggler/content/Helper.js, line 82: NS_ERROR_FAILURE: Component returned failure code: 0x80004005 (NS_ERROR_FAILURE) [nsIWebProgress.removeProgressListener]
    [pid=22644][err] JavaScript error: http://localhost:3000/basic-form.html, line 240: TypeError: can't access property "addEventListener", resetButton is null
    [pid=22644][err] JavaScript error: http://localhost:3000/basic-form.html, line 240: TypeError: can't access property "addEventListener", resetButton is null
    [pid=22644][err] JavaScript error: chrome://juggler/content/Helper.js, line 82: NS_ERROR_FAILURE: Component returned failure code: 0x80004005 (NS_ERROR_FAILURE) [nsIWebProgress.removeProgressListener]
    [pid=22644][err] JavaScript error: chrome://juggler/content/Helper.js, line 82: NS_ERROR_FAILURE: Component returned failure code: 0x80004005 (NS_ERROR_FAILURE) [nsIWebProgress.removeProgressListener]
    [pid=22644][err] JavaScript error: chrome://juggler/content/Helper.js, line 82: NS_ERROR_FAILURE: Component returned failure code: 0x80004005 (NS_ERROR_FAILURE) [nsIWebProgress.removeProgressListener]
    [pid=22644][err] JavaScript warning: resource://gre/modules/UpdateService.sys.mjs, line 3879: unreachable code after return statement
    [pid=22644] <gracefully close start>
    [pid=22644] <process did exit: exitCode=null, signal=SIGTERM>
    [pid=22644] starting temporary directories cleanup
    Call log:
      - waiting for locator('[data-testid="prev-button"]')
        - locator resolved to <button type="button" id="prev-button" class="btn btn-secondary" data-testid="prev-button">↵                    Previous↵                </button>
      - attempting click action
        2 × waiting for element to be visible, enabled and stable
          - element is not visible
        - retrying click action
        - waiting 20ms
        2 × waiting for element to be visible, enabled and stable
          - element is not visible
        - retrying click action
          - waiting 100ms
        39 × waiting for element to be visible, enabled and stable
           - element is not visible
         - retrying click action
           - waiting 500ms

        at [pid=22644][out]     EmptyDatabaseError@resource://services-settings/Database.sys.mjs:19:5
        at [pid=22644][out] list@resource://services-settings/Database.sys.mjs:96:13
        at [pid=22644][out]     EmptyDatabaseError@resource://services-settings/Database.sys.mjs:19:5
        at [pid=22644][out] list@resource://services-settings/Database.sys.mjs:96:13
        at /Users/peterhanssens/consulting/CloudShuttle/leptos-forms/tests/e2e/complex-form.spec.ts:382:16
]]>
</failure>
</testcase>
</testsuite>
<testsuite name="form-components.spec.ts" timestamp="2025-09-03T23:55:07.558Z" hostname="firefox" tests="17" failures="0" skipped="0" time="50.71" errors="0">
<testcase name="Form Library Components › should render TextInput component correctly" classname="form-components.spec.ts" time="3.274">
</testcase>
<testcase name="Form Library Components › should render NumberInput component correctly" classname="form-components.spec.ts" time="4.899">
</testcase>
<testcase name="Form Library Components › should render CheckboxInput component correctly" classname="form-components.spec.ts" time="3.058">
</testcase>
<testcase name="Form Library Components › should render SelectInput component correctly" classname="form-components.spec.ts" time="2.795">
</testcase>
<testcase name="Form Library Components › should render TextareaInput component correctly" classname="form-components.spec.ts" time="3.191">
</testcase>
<testcase name="Form Library Components › should render RadioInput component correctly" classname="form-components.spec.ts" time="2.795">
</testcase>
<testcase name="Form Library Components › should render FileInput component correctly" classname="form-components.spec.ts" time="2.621">
</testcase>
<testcase name="Form Library Components › should handle form validation correctly" classname="form-components.spec.ts" time="3.438">
</testcase>
<testcase name="Form Library Components › should handle form submission correctly" classname="form-components.spec.ts" time="8.492">
</testcase>
<testcase name="Form Library Components › should handle field state changes correctly" classname="form-components.spec.ts" time="2.212">
</testcase>
<testcase name="Form Library Components › should handle conditional field rendering" classname="form-components.spec.ts" time="1.908">
</testcase>
<testcase name="Form Library Components › should handle field arrays correctly" classname="form-components.spec.ts" time="2.107">
</testcase>
<testcase name="Form Library Components › should handle form persistence" classname="form-components.spec.ts" time="2.912">
</testcase>
<testcase name="Form Library Components › should handle keyboard navigation" classname="form-components.spec.ts" time="2.01">
</testcase>
<testcase name="Form Library Components › should handle mobile interactions" classname="form-components.spec.ts" time="1.981">
</testcase>
<testcase name="Form Library Components › should handle accessibility features" classname="form-components.spec.ts" time="1.499">
</testcase>
<testcase name="Form Library Components › should handle form reset correctly" classname="form-components.spec.ts" time="1.518">
</testcase>
</testsuite>
<testsuite name="performance-testing.spec.ts" timestamp="2025-09-03T23:55:07.558Z" hostname="firefox" tests="9" failures="9" skipped="0" time="45.047" errors="0">
<testcase name="Performance Testing › should handle large forms efficiently" classname="performance-testing.spec.ts" time="10.651">
<failure message="performance-testing.spec.ts:9:7 should handle large forms efficiently" type="FAILURE">
<![CDATA[  [firefox] › performance-testing.spec.ts:9:7 › Performance Testing › should handle large forms efficiently 

    TimeoutError: page.waitForSelector: Timeout 10000ms exceeded.
    Call log:
      - waiting for locator('[data-testid="perf-test-container"]') to be visible


      4 |   test.beforeEach(async ({ page }) => {
      5 |     await page.goto('/performance-test.html');
    > 6 |     await page.waitForSelector('[data-testid="perf-test-container"]', { timeout: 10000 });
        |                ^
      7 |   });
      8 |
      9 |   test('should handle large forms efficiently', async ({ page }) => {
        at /Users/peterhanssens/consulting/CloudShuttle/leptos-forms/tests/e2e/performance-testing.spec.ts:6:16

    attachment #1: screenshot (image/png) ──────────────────────────────────────────────────────────
    ../../test-results/performance-testing-Perfor-28599-dle-large-forms-efficiently-firefox/test-failed-1.png
    ────────────────────────────────────────────────────────────────────────────────────────────────

    attachment #2: video (video/webm) ──────────────────────────────────────────────────────────────
    ../../test-results/performance-testing-Perfor-28599-dle-large-forms-efficiently-firefox/video.webm
    ────────────────────────────────────────────────────────────────────────────────────────────────

    Error Context: ../../test-results/performance-testing-Perfor-28599-dle-large-forms-efficiently-firefox/error-context.md
]]>
</failure>
<system-out>
<![CDATA[
[[ATTACHMENT|performance-testing-Perfor-28599-dle-large-forms-efficiently-firefox/test-failed-1.png]]

[[ATTACHMENT|performance-testing-Perfor-28599-dle-large-forms-efficiently-firefox/video.webm]]

[[ATTACHMENT|performance-testing-Perfor-28599-dle-large-forms-efficiently-firefox/error-context.md]]
]]>
</system-out>
</testcase>
<testcase name="Performance Testing › should handle rapid user input efficiently" classname="performance-testing.spec.ts" time="10.912">
<failure message="performance-testing.spec.ts:53:7 should handle rapid user input efficiently" type="FAILURE">
<![CDATA[  [firefox] › performance-testing.spec.ts:53:7 › Performance Testing › should handle rapid user input efficiently 

    TimeoutError: page.waitForSelector: Timeout 10000ms exceeded.
    Call log:
      - waiting for locator('[data-testid="perf-test-container"]') to be visible


      4 |   test.beforeEach(async ({ page }) => {
      5 |     await page.goto('/performance-test.html');
    > 6 |     await page.waitForSelector('[data-testid="perf-test-container"]', { timeout: 10000 });
        |                ^
      7 |   });
      8 |
      9 |   test('should handle large forms efficiently', async ({ page }) => {
        at /Users/peterhanssens/consulting/CloudShuttle/leptos-forms/tests/e2e/performance-testing.spec.ts:6:16

    attachment #1: screenshot (image/png) ──────────────────────────────────────────────────────────
    ../../test-results/performance-testing-Perfor-fa0a8-apid-user-input-efficiently-firefox/test-failed-1.png
    ────────────────────────────────────────────────────────────────────────────────────────────────

    attachment #2: video (video/webm) ──────────────────────────────────────────────────────────────
    ../../test-results/performance-testing-Perfor-fa0a8-apid-user-input-efficiently-firefox/video.webm
    ────────────────────────────────────────────────────────────────────────────────────────────────

    Error Context: ../../test-results/performance-testing-Perfor-fa0a8-apid-user-input-efficiently-firefox/error-context.md
]]>
</failure>
<system-out>
<![CDATA[
[[ATTACHMENT|performance-testing-Perfor-fa0a8-apid-user-input-efficiently-firefox/test-failed-1.png]]

[[ATTACHMENT|performance-testing-Perfor-fa0a8-apid-user-input-efficiently-firefox/video.webm]]

[[ATTACHMENT|performance-testing-Perfor-fa0a8-apid-user-input-efficiently-firefox/error-context.md]]
]]>
</system-out>
</testcase>
<testcase name="Performance Testing › should handle validation debouncing efficiently" classname="performance-testing.spec.ts" time="10.497">
<failure message="performance-testing.spec.ts:86:7 should handle validation debouncing efficiently" type="FAILURE">
<![CDATA[  [firefox] › performance-testing.spec.ts:86:7 › Performance Testing › should handle validation debouncing efficiently 

    TimeoutError: page.waitForSelector: Timeout 10000ms exceeded.
    Call log:
      - waiting for locator('[data-testid="perf-test-container"]') to be visible


      4 |   test.beforeEach(async ({ page }) => {
      5 |     await page.goto('/performance-test.html');
    > 6 |     await page.waitForSelector('[data-testid="perf-test-container"]', { timeout: 10000 });
        |                ^
      7 |   });
      8 |
      9 |   test('should handle large forms efficiently', async ({ page }) => {
        at /Users/peterhanssens/consulting/CloudShuttle/leptos-forms/tests/e2e/performance-testing.spec.ts:6:16

    attachment #1: screenshot (image/png) ──────────────────────────────────────────────────────────
    ../../test-results/performance-testing-Perfor-ce8fa-tion-debouncing-efficiently-firefox/test-failed-1.png
    ────────────────────────────────────────────────────────────────────────────────────────────────

    attachment #2: video (video/webm) ──────────────────────────────────────────────────────────────
    ../../test-results/performance-testing-Perfor-ce8fa-tion-debouncing-efficiently-firefox/video.webm
    ────────────────────────────────────────────────────────────────────────────────────────────────

    Error Context: ../../test-results/performance-testing-Perfor-ce8fa-tion-debouncing-efficiently-firefox/error-context.md
]]>
</failure>
<system-out>
<![CDATA[
[[ATTACHMENT|performance-testing-Perfor-ce8fa-tion-debouncing-efficiently-firefox/test-failed-1.png]]

[[ATTACHMENT|performance-testing-Perfor-ce8fa-tion-debouncing-efficiently-firefox/video.webm]]

[[ATTACHMENT|performance-testing-Perfor-ce8fa-tion-debouncing-efficiently-firefox/error-context.md]]
]]>
</system-out>
</testcase>
<testcase name="Performance Testing › should handle memory efficiently with form arrays" classname="performance-testing.spec.ts" time="10.753">
<failure message="performance-testing.spec.ts:106:7 should handle memory efficiently with form arrays" type="FAILURE">
<![CDATA[  [firefox] › performance-testing.spec.ts:106:7 › Performance Testing › should handle memory efficiently with form arrays 

    TimeoutError: page.waitForSelector: Timeout 10000ms exceeded.
    Call log:
      - waiting for locator('[data-testid="perf-test-container"]') to be visible


      4 |   test.beforeEach(async ({ page }) => {
      5 |     await page.goto('/performance-test.html');
    > 6 |     await page.waitForSelector('[data-testid="perf-test-container"]', { timeout: 10000 });
        |                ^
      7 |   });
      8 |
      9 |   test('should handle large forms efficiently', async ({ page }) => {
        at /Users/peterhanssens/consulting/CloudShuttle/leptos-forms/tests/e2e/performance-testing.spec.ts:6:16

    attachment #1: screenshot (image/png) ──────────────────────────────────────────────────────────
    ../../test-results/performance-testing-Perfor-356f7-fficiently-with-form-arrays-firefox/test-failed-1.png
    ────────────────────────────────────────────────────────────────────────────────────────────────

    attachment #2: video (video/webm) ──────────────────────────────────────────────────────────────
    ../../test-results/performance-testing-Perfor-356f7-fficiently-with-form-arrays-firefox/video.webm
    ────────────────────────────────────────────────────────────────────────────────────────────────

    Error Context: ../../test-results/performance-testing-Perfor-356f7-fficiently-with-form-arrays-firefox/error-context.md
]]>
</failure>
<system-out>
<![CDATA[
[[ATTACHMENT|performance-testing-Perfor-356f7-fficiently-with-form-arrays-firefox/test-failed-1.png]]

[[ATTACHMENT|performance-testing-Perfor-356f7-fficiently-with-form-arrays-firefox/video.webm]]

[[ATTACHMENT|performance-testing-Perfor-356f7-fficiently-with-form-arrays-firefox/error-context.md]]
]]>
</system-out>
</testcase>
<testcase name="Performance Testing › should handle form submission efficiently" classname="performance-testing.spec.ts" time="0.777">
<failure message="performance-testing.spec.ts:149:7 should handle form submission efficiently" type="FAILURE">
<![CDATA[  [firefox] › performance-testing.spec.ts:149:7 › Performance Testing › should handle form submission efficiently 

    Error: browserContext.newPage: Target page, context or browser has been closed
]]>
</failure>
</testcase>
<testcase name="Performance Testing › should handle concurrent validations efficiently" classname="performance-testing.spec.ts" time="0.004">
<failure message="performance-testing.spec.ts:186:7 should handle concurrent validations efficiently" type="FAILURE">
<![CDATA[  [firefox] › performance-testing.spec.ts:186:7 › Performance Testing › should handle concurrent validations efficiently 

    Error: browserType.launch: Target page, context or browser has been closed
    Browser logs:

    <launching> /Users/peterhanssens/Library/Caches/ms-playwright/firefox-1490/firefox/Nightly.app/Contents/MacOS/firefox -no-remote -headless -profile /var/folders/gk/3qgq57217gd79wt6vf39g1th0000gn/T/playwright_firefoxdev_profile-Mxi0TV -juggler-pipe -silent
    <launched> pid=27812
    [pid=27812][err] *** You are running in headless mode.
    [pid=27812] <gracefully close start>
    [pid=27812] <kill>
    [pid=27812] <will force kill>
    [pid=27812] exception while trying to kill process: Error: kill EPERM
    [pid=27812] <process did exit: exitCode=null, signal=SIGTERM>
    [pid=27812] starting temporary directories cleanup
    Call log:
      - <launching> /Users/peterhanssens/Library/Caches/ms-playwright/firefox-1490/firefox/Nightly.app/Contents/MacOS/firefox -no-remote -headless -profile /var/folders/gk/3qgq57217gd79wt6vf39g1th0000gn/T/playwright_firefoxdev_profile-Mxi0TV -juggler-pipe -silent
      - <launched> pid=27812
      - [pid=27812][err] *** You are running in headless mode.
      - [pid=27812] <gracefully close start>
      - [pid=27812] <kill>
      - [pid=27812] <will force kill>
      - [pid=27812] exception while trying to kill process: Error: kill EPERM
      - [pid=27812] <process did exit: exitCode=null, signal=SIGTERM>
      - [pid=27812] starting temporary directories cleanup
      - [pid=27812] <forcefully close>
      - [pid=27812] <kill>
      - [pid=27812] <skipped force kill spawnedProcess.killed=false processClosed=true>
      - [pid=27812] finished temporary directories cleanup
      - [pid=27812] <gracefully close end>

]]>
</failure>
</testcase>
<testcase name="Performance Testing › should handle scroll performance with large forms" classname="performance-testing.spec.ts" time="0.076">
<failure message="performance-testing.spec.ts:228:7 should handle scroll performance with large forms" type="FAILURE">
<![CDATA[  [firefox] › performance-testing.spec.ts:228:7 › Performance Testing › should handle scroll performance with large forms 

    Error: browser.newContext: Target page, context or browser has been closed
]]>
</failure>
</testcase>
<testcase name="Performance Testing › should maintain performance during error states" classname="performance-testing.spec.ts" time="0.002">
<failure message="performance-testing.spec.ts:264:7 should maintain performance during error states" type="FAILURE">
<![CDATA[  [firefox] › performance-testing.spec.ts:264:7 › Performance Testing › should maintain performance during error states 

    Error: browserType.launch: Target page, context or browser has been closed
    Browser logs:

    <launching> /Users/peterhanssens/Library/Caches/ms-playwright/firefox-1490/firefox/Nightly.app/Contents/MacOS/firefox -no-remote -headless -profile /var/folders/gk/3qgq57217gd79wt6vf39g1th0000gn/T/playwright_firefoxdev_profile-bRtGNz -juggler-pipe -silent
    <launched> pid=27893
    [pid=27893][err] *** You are running in headless mode.
    [pid=27893] <gracefully close start>
    [pid=27893] <kill>
    [pid=27893] <will force kill>
    [pid=27893] <process did exit: exitCode=null, signal=SIGTERM>
    [pid=27893] starting temporary directories cleanup
    Call log:
      - <launching> /Users/peterhanssens/Library/Caches/ms-playwright/firefox-1490/firefox/Nightly.app/Contents/MacOS/firefox -no-remote -headless -profile /var/folders/gk/3qgq57217gd79wt6vf39g1th0000gn/T/playwright_firefoxdev_profile-bRtGNz -juggler-pipe -silent
      - <launched> pid=27893
      - [pid=27893][err] *** You are running in headless mode.
      - [pid=27893] <gracefully close start>
      - [pid=27893] <kill>
      - [pid=27893] <will force kill>
      - [pid=27893] <process did exit: exitCode=null, signal=SIGTERM>
      - [pid=27893] starting temporary directories cleanup
      - [pid=27893] <forcefully close>
      - [pid=27893] <kill>
      - [pid=27893] <skipped force kill spawnedProcess.killed=false processClosed=true>
      - [pid=27893] finished temporary directories cleanup
      - [pid=27893] <gracefully close end>

]]>
</failure>
</testcase>
<testcase name="Performance Testing › should handle memory cleanup properly" classname="performance-testing.spec.ts" time="1.375">
<failure message="performance-testing.spec.ts:304:7 should handle memory cleanup properly" type="FAILURE">
<![CDATA[  [firefox] › performance-testing.spec.ts:304:7 › Performance Testing › should handle memory cleanup properly 

    Error: page.goto: NS_ERROR_CONNECTION_REFUSED
    Call log:
      - navigating to "http://localhost:3000/performance-test.html", waiting until "load"


      3 | test.describe('Performance Testing', () => {
      4 |   test.beforeEach(async ({ page }) => {
    > 5 |     await page.goto('/performance-test.html');
        |                ^
      6 |     await page.waitForSelector('[data-testid="perf-test-container"]', { timeout: 10000 });
      7 |   });
      8 |
        at /Users/peterhanssens/consulting/CloudShuttle/leptos-forms/tests/e2e/performance-testing.spec.ts:5:16

    attachment #1: screenshot (image/png) ──────────────────────────────────────────────────────────
    ../../test-results/performance-testing-Perfor-f3e47-dle-memory-cleanup-properly-firefox/test-failed-1.png
    ────────────────────────────────────────────────────────────────────────────────────────────────

    attachment #2: video (video/webm) ──────────────────────────────────────────────────────────────
    ../../test-results/performance-testing-Perfor-f3e47-dle-memory-cleanup-properly-firefox/video.webm
    ────────────────────────────────────────────────────────────────────────────────────────────────

    Error Context: ../../test-results/performance-testing-Perfor-f3e47-dle-memory-cleanup-properly-firefox/error-context.md
]]>
</failure>
<system-out>
<![CDATA[
[[ATTACHMENT|performance-testing-Perfor-f3e47-dle-memory-cleanup-properly-firefox/test-failed-1.png]]

[[ATTACHMENT|performance-testing-Perfor-f3e47-dle-memory-cleanup-properly-firefox/video.webm]]

[[ATTACHMENT|performance-testing-Perfor-f3e47-dle-memory-cleanup-properly-firefox/error-context.md]]
]]>
</system-out>
</testcase>
</testsuite>
<testsuite name="setup-test.spec.ts" timestamp="2025-09-03T23:55:07.558Z" hostname="firefox" tests="4" failures="0" skipped="0" time="6.246" errors="0">
<testcase name="Playwright Setup Verification › should have working Playwright environment" classname="setup-test.spec.ts" time="1.293">
</testcase>
<testcase name="Playwright Setup Verification › should handle basic browser interactions" classname="setup-test.spec.ts" time="1.494">
</testcase>
<testcase name="Playwright Setup Verification › should handle viewport changes" classname="setup-test.spec.ts" time="2.128">
<system-out>
<![CDATA[Current width reported: 375
Actual window.innerWidth: [33m375[39m
]]>
</system-out>
</testcase>
<testcase name="Playwright Setup Verification › should handle async operations" classname="setup-test.spec.ts" time="1.331">
</testcase>
</testsuite>
<testsuite name="smoke.spec.ts" timestamp="2025-09-03T23:55:07.558Z" hostname="firefox" tests="3" failures="3" skipped="0" time="3.223" errors="0">
<testcase name="Smoke Tests › should load the test suite index" classname="smoke.spec.ts" time="0.564">
<failure message="smoke.spec.ts:4:7 should load the test suite index" type="FAILURE">
<![CDATA[  [firefox] › smoke.spec.ts:4:7 › Smoke Tests › should load the test suite index ───────────────────

    Error: page.goto: NS_ERROR_CONNECTION_REFUSED
    Call log:
      - navigating to "http://localhost:3000/", waiting until "load"


      4 |   test('should load the test suite index', async ({ page }) => {
      5 |     // Navigate to the test suite
    > 6 |     await page.goto('/');
        |                ^
      7 |     
      8 |     // Check that the page loads
      9 |     await expect(page).toHaveTitle(/Leptos Forms Test Suite/);
        at /Users/peterhanssens/consulting/CloudShuttle/leptos-forms/tests/e2e/smoke.spec.ts:6:16

    attachment #1: screenshot (image/png) ──────────────────────────────────────────────────────────
[...]

[[ATTACHMENT|smoke-Smoke-Tests-should-handle-basic-page-interactions-Mobile-Safari/video.webm]]
]]>
</system-out>
</testcase>
</testsuite>
<testsuite name="utils/test-helpers.spec.ts" timestamp="2025-09-03T23:55:07.558Z" hostname="Mobile Safari" tests="3" failures="0" skipped="0" time="0.053" errors="0">
<testcase name="Test Helpers › should provide common form selectors" classname="utils/test-helpers.spec.ts" time="0.011">
</testcase>
<testcase name="Test Helpers › should provide test data constants" classname="utils/test-helpers.spec.ts" time="0.02">
</testcase>
<testcase name="Test Helpers › should provide utility methods" classname="utils/test-helpers.spec.ts" time="0.022">
</testcase>
</testsuite>
<testsuite name="validation-comprehensive.spec.ts" timestamp="2025-09-03T23:55:07.558Z" hostname="Mobile Safari" tests="10" failures="10" skipped="0" time="3.444" errors="0">
<testcase name="Comprehensive Form Validation › should validate all field types correctly" classname="validation-comprehensive.spec.ts" time="0.217">
<failure message="validation-comprehensive.spec.ts:9:7 should validate all field types correctly" type="FAILURE">
<![CDATA[  [Mobile Safari] › validation-comprehensive.spec.ts:9:7 › Comprehensive Form Validation › should validate all field types correctly 

    Error: page.goto: Could not connect to the server.
    Call log:
      - navigating to "http://localhost:3000/complex-form.html", waiting until "load"


      3 | test.describe('Comprehensive Form Validation', () => {
      4 |   test.beforeEach(async ({ page }) => {
    > 5 |     await page.goto('/complex-form.html');
        |                ^
      6 |     await page.waitForSelector('[data-testid="complex-form"]', { timeout: 10000 });
      7 |   });
      8 |
        at /Users/peterhanssens/consulting/CloudShuttle/leptos-forms/tests/e2e/validation-comprehensive.spec.ts:5:16

    attachment #1: screenshot (image/png) ──────────────────────────────────────────────────────────
    ../../test-results/validation-comprehensive-C-dda65-e-all-field-types-correctly-Mobile-Safari/test-failed-1.png
    ────────────────────────────────────────────────────────────────────────────────────────────────

    attachment #2: video (video/webm) ──────────────────────────────────────────────────────────────
    ../../test-results/validation-comprehensive-C-dda65-e-all-field-types-correctly-Mobile-Safari/video.webm
    ────────────────────────────────────────────────────────────────────────────────────────────────
]]>
</failure>
<system-out>
<![CDATA[
[[ATTACHMENT|validation-comprehensive-C-dda65-e-all-field-types-correctly-Mobile-Safari/test-failed-1.png]]

[[ATTACHMENT|validation-comprehensive-C-dda65-e-all-field-types-correctly-Mobile-Safari/video.webm]]
]]>
</system-out>
</testcase>
<testcase name="Comprehensive Form Validation › should handle real-time validation" classname="validation-comprehensive.spec.ts" time="0.208">
<failure message="validation-comprehensive.spec.ts:41:7 should handle real-time validation" type="FAILURE">
<![CDATA[  [Mobile Safari] › validation-comprehensive.spec.ts:41:7 › Comprehensive Form Validation › should handle real-time validation 

    Error: page.goto: Could not connect to the server.
    Call log:
      - navigating to "http://localhost:3000/complex-form.html", waiting until "load"


      3 | test.describe('Comprehensive Form Validation', () => {
      4 |   test.beforeEach(async ({ page }) => {
    > 5 |     await page.goto('/complex-form.html');
        |                ^
      6 |     await page.waitForSelector('[data-testid="complex-form"]', { timeout: 10000 });
      7 |   });
      8 |
        at /Users/peterhanssens/consulting/CloudShuttle/leptos-forms/tests/e2e/validation-comprehensive.spec.ts:5:16

    attachment #1: screenshot (image/png) ──────────────────────────────────────────────────────────
    ../../test-results/validation-comprehensive-C-42872-handle-real-time-validation-Mobile-Safari/test-failed-1.png
    ────────────────────────────────────────────────────────────────────────────────────────────────

    attachment #2: video (video/webm) ──────────────────────────────────────────────────────────────
    ../../test-results/validation-comprehensive-C-42872-handle-real-time-validation-Mobile-Safari/video.webm
    ────────────────────────────────────────────────────────────────────────────────────────────────
]]>
</failure>
<system-out>
<![CDATA[
[[ATTACHMENT|validation-comprehensive-C-42872-handle-real-time-validation-Mobile-Safari/test-failed-1.png]]

[[ATTACHMENT|validation-comprehensive-C-42872-handle-real-time-validation-Mobile-Safari/video.webm]]
]]>
</system-out>
</testcase>
<testcase name="Comprehensive Form Validation › should validate cross-field dependencies" classname="validation-comprehensive.spec.ts" time="0.454">
<failure message="validation-comprehensive.spec.ts:60:7 should validate cross-field dependencies" type="FAILURE">
<![CDATA[  [Mobile Safari] › validation-comprehensive.spec.ts:60:7 › Comprehensive Form Validation › should validate cross-field dependencies 

    Error: page.goto: Could not connect to the server.
    Call log:
      - navigating to "http://localhost:3000/complex-form.html", waiting until "load"


      3 | test.describe('Comprehensive Form Validation', () => {
      4 |   test.beforeEach(async ({ page }) => {
    > 5 |     await page.goto('/complex-form.html');
        |                ^
      6 |     await page.waitForSelector('[data-testid="complex-form"]', { timeout: 10000 });
      7 |   });
      8 |
        at /Users/peterhanssens/consulting/CloudShuttle/leptos-forms/tests/e2e/validation-comprehensive.spec.ts:5:16

    attachment #1: screenshot (image/png) ──────────────────────────────────────────────────────────
    ../../test-results/validation-comprehensive-C-3e75d-te-cross-field-dependencies-Mobile-Safari/test-failed-1.png
    ────────────────────────────────────────────────────────────────────────────────────────────────

    attachment #2: video (video/webm) ──────────────────────────────────────────────────────────────
    ../../test-results/validation-comprehensive-C-3e75d-te-cross-field-dependencies-Mobile-Safari/video.webm
    ────────────────────────────────────────────────────────────────────────────────────────────────
]]>
</failure>
<system-out>
<![CDATA[
[[ATTACHMENT|validation-comprehensive-C-3e75d-te-cross-field-dependencies-Mobile-Safari/test-failed-1.png]]

[[ATTACHMENT|validation-comprehensive-C-3e75d-te-cross-field-dependencies-Mobile-Safari/video.webm]]
]]>
</system-out>
</testcase>
<testcase name="Comprehensive Form Validation › should handle async validation" classname="validation-comprehensive.spec.ts" time="0.454">
<failure message="validation-comprehensive.spec.ts:79:7 should handle async validation" type="FAILURE">
<![CDATA[  [Mobile Safari] › validation-comprehensive.spec.ts:79:7 › Comprehensive Form Validation › should handle async validation 

    Error: page.goto: Could not connect to the server.
    Call log:
      - navigating to "http://localhost:3000/complex-form.html", waiting until "load"


      3 | test.describe('Comprehensive Form Validation', () => {
      4 |   test.beforeEach(async ({ page }) => {
    > 5 |     await page.goto('/complex-form.html');
        |                ^
      6 |     await page.waitForSelector('[data-testid="complex-form"]', { timeout: 10000 });
      7 |   });
      8 |
        at /Users/peterhanssens/consulting/CloudShuttle/leptos-forms/tests/e2e/validation-comprehensive.spec.ts:5:16

    attachment #1: screenshot (image/png) ──────────────────────────────────────────────────────────
    ../../test-results/validation-comprehensive-C-4d069-uld-handle-async-validation-Mobile-Safari/test-failed-1.png
    ────────────────────────────────────────────────────────────────────────────────────────────────

    attachment #2: video (video/webm) ──────────────────────────────────────────────────────────────
    ../../test-results/validation-comprehensive-C-4d069-uld-handle-async-validation-Mobile-Safari/video.webm
    ────────────────────────────────────────────────────────────────────────────────────────────────
]]>
</failure>
<system-out>
<![CDATA[
[[ATTACHMENT|validation-comprehensive-C-4d069-uld-handle-async-validation-Mobile-Safari/test-failed-1.png]]

[[ATTACHMENT|validation-comprehensive-C-4d069-uld-handle-async-validation-Mobile-Safari/video.webm]]
]]>
</system-out>
</testcase>
<testcase name="Comprehensive Form Validation › should validate file upload fields" classname="validation-comprehensive.spec.ts" time="0.403">
<failure message="validation-comprehensive.spec.ts:102:7 should validate file upload fields" type="FAILURE">
<![CDATA[  [Mobile Safari] › validation-comprehensive.spec.ts:102:7 › Comprehensive Form Validation › should validate file upload fields 

    Error: page.goto: Could not connect to the server.
    Call log:
      - navigating to "http://localhost:3000/complex-form.html", waiting until "load"


      3 | test.describe('Comprehensive Form Validation', () => {
      4 |   test.beforeEach(async ({ page }) => {
    > 5 |     await page.goto('/complex-form.html');
        |                ^
      6 |     await page.waitForSelector('[data-testid="complex-form"]', { timeout: 10000 });
      7 |   });
      8 |
        at /Users/peterhanssens/consulting/CloudShuttle/leptos-forms/tests/e2e/validation-comprehensive.spec.ts:5:16

    attachment #1: screenshot (image/png) ──────────────────────────────────────────────────────────
    ../../test-results/validation-comprehensive-C-41a93-validate-file-upload-fields-Mobile-Safari/test-failed-1.png
    ────────────────────────────────────────────────────────────────────────────────────────────────

    attachment #2: video (video/webm) ──────────────────────────────────────────────────────────────
    ../../test-results/validation-comprehensive-C-41a93-validate-file-upload-fields-Mobile-Safari/video.webm
    ────────────────────────────────────────────────────────────────────────────────────────────────
]]>
</failure>
<system-out>
<![CDATA[
[[ATTACHMENT|validation-comprehensive-C-41a93-validate-file-upload-fields-Mobile-Safari/test-failed-1.png]]

[[ATTACHMENT|validation-comprehensive-C-41a93-validate-file-upload-fields-Mobile-Safari/video.webm]]
]]>
</system-out>
</testcase>
<testcase name="Comprehensive Form Validation › should validate array fields" classname="validation-comprehensive.spec.ts" time="0.432">
<failure message="validation-comprehensive.spec.ts:126:7 should validate array fields" type="FAILURE">
<![CDATA[  [Mobile Safari] › validation-comprehensive.spec.ts:126:7 › Comprehensive Form Validation › should validate array fields 

    Error: page.goto: Could not connect to the server.
    Call log:
      - navigating to "http://localhost:3000/complex-form.html", waiting until "load"


      3 | test.describe('Comprehensive Form Validation', () => {
      4 |   test.beforeEach(async ({ page }) => {
    > 5 |     await page.goto('/complex-form.html');
        |                ^
      6 |     await page.waitForSelector('[data-testid="complex-form"]', { timeout: 10000 });
      7 |   });
      8 |
        at /Users/peterhanssens/consulting/CloudShuttle/leptos-forms/tests/e2e/validation-comprehensive.spec.ts:5:16

    attachment #1: screenshot (image/png) ──────────────────────────────────────────────────────────
    ../../test-results/validation-comprehensive-C-3d52f-hould-validate-array-fields-Mobile-Safari/test-failed-1.png
    ────────────────────────────────────────────────────────────────────────────────────────────────

    attachment #2: video (video/webm) ──────────────────────────────────────────────────────────────
    ../../test-results/validation-comprehensive-C-3d52f-hould-validate-array-fields-Mobile-Safari/video.webm
    ────────────────────────────────────────────────────────────────────────────────────────────────
]]>
</failure>
<system-out>
<![CDATA[
[[ATTACHMENT|validation-comprehensive-C-3d52f-hould-validate-array-fields-Mobile-Safari/test-failed-1.png]]

[[ATTACHMENT|validation-comprehensive-C-3d52f-hould-validate-array-fields-Mobile-Safari/video.webm]]
]]>
</system-out>
</testcase>
<testcase name="Comprehensive Form Validation › should validate complex nested forms" classname="validation-comprehensive.spec.ts" time="0.219">
<failure message="validation-comprehensive.spec.ts:157:7 should validate complex nested forms" type="FAILURE">
<![CDATA[  [Mobile Safari] › validation-comprehensive.spec.ts:157:7 › Comprehensive Form Validation › should validate complex nested forms 

    Error: page.goto: Could not connect to the server.
    Call log:
      - navigating to "http://localhost:3000/complex-form.html", waiting until "load"


      3 | test.describe('Comprehensive Form Validation', () => {
      4 |   test.beforeEach(async ({ page }) => {
    > 5 |     await page.goto('/complex-form.html');
        |                ^
      6 |     await page.waitForSelector('[data-testid="complex-form"]', { timeout: 10000 });
      7 |   });
      8 |
        at /Users/peterhanssens/consulting/CloudShuttle/leptos-forms/tests/e2e/validation-comprehensive.spec.ts:5:16

    attachment #1: screenshot (image/png) ──────────────────────────────────────────────────────────
    ../../test-results/validation-comprehensive-C-dc23e-lidate-complex-nested-forms-Mobile-Safari/test-failed-1.png
    ────────────────────────────────────────────────────────────────────────────────────────────────

    attachment #2: video (video/webm) ──────────────────────────────────────────────────────────────
    ../../test-results/validation-comprehensive-C-dc23e-lidate-complex-nested-forms-Mobile-Safari/video.webm
    ────────────────────────────────────────────────────────────────────────────────────────────────
]]>
</failure>
<system-out>
<![CDATA[
[[ATTACHMENT|validation-comprehensive-C-dc23e-lidate-complex-nested-forms-Mobile-Safari/test-failed-1.png]]

[[ATTACHMENT|validation-comprehensive-C-dc23e-lidate-complex-nested-forms-Mobile-Safari/video.webm]]
]]>
</system-out>
</testcase>
<testcase name="Comprehensive Form Validation › should handle validation error recovery" classname="validation-comprehensive.spec.ts" time="0.361">
<failure message="validation-comprehensive.spec.ts:189:7 should handle validation error recovery" type="FAILURE">
<![CDATA[  [Mobile Safari] › validation-comprehensive.spec.ts:189:7 › Comprehensive Form Validation › should handle validation error recovery 

    Error: page.goto: Could not connect to the server.
    Call log:
      - navigating to "http://localhost:3000/complex-form.html", waiting until "load"


      3 | test.describe('Comprehensive Form Validation', () => {
      4 |   test.beforeEach(async ({ page }) => {
    > 5 |     await page.goto('/complex-form.html');
        |                ^
      6 |     await page.waitForSelector('[data-testid="complex-form"]', { timeout: 10000 });
      7 |   });
      8 |
        at /Users/peterhanssens/consulting/CloudShuttle/leptos-forms/tests/e2e/validation-comprehensive.spec.ts:5:16

    attachment #1: screenshot (image/png) ──────────────────────────────────────────────────────────
    ../../test-results/validation-comprehensive-C-cd06b-e-validation-error-recovery-Mobile-Safari/test-failed-1.png
    ────────────────────────────────────────────────────────────────────────────────────────────────

    attachment #2: video (video/webm) ──────────────────────────────────────────────────────────────
    ../../test-results/validation-comprehensive-C-cd06b-e-validation-error-recovery-Mobile-Safari/video.webm
    ────────────────────────────────────────────────────────────────────────────────────────────────
]]>
</failure>
<system-out>
<![CDATA[
[[ATTACHMENT|validation-comprehensive-C-cd06b-e-validation-error-recovery-Mobile-Safari/test-failed-1.png]]

[[ATTACHMENT|validation-comprehensive-C-cd06b-e-validation-error-recovery-Mobile-Safari/video.webm]]
]]>
</system-out>
</testcase>
<testcase name="Comprehensive Form Validation › should persist validation state during navigation" classname="validation-comprehensive.spec.ts" time="0.369">
<failure message="validation-comprehensive.spec.ts:221:7 should persist validation state during navigation" type="FAILURE">
<![CDATA[  [Mobile Safari] › validation-comprehensive.spec.ts:221:7 › Comprehensive Form Validation › should persist validation state during navigation 

    Error: page.goto: Could not connect to the server.
    Call log:
      - navigating to "http://localhost:3000/complex-form.html", waiting until "load"


      3 | test.describe('Comprehensive Form Validation', () => {
      4 |   test.beforeEach(async ({ page }) => {
    > 5 |     await page.goto('/complex-form.html');
        |                ^
      6 |     await page.waitForSelector('[data-testid="complex-form"]', { timeout: 10000 });
      7 |   });
      8 |
        at /Users/peterhanssens/consulting/CloudShuttle/leptos-forms/tests/e2e/validation-comprehensive.spec.ts:5:16

    attachment #1: screenshot (image/png) ──────────────────────────────────────────────────────────
    ../../test-results/validation-comprehensive-C-fc7c1-ion-state-during-navigation-Mobile-Safari/test-failed-1.png
    ────────────────────────────────────────────────────────────────────────────────────────────────

    attachment #2: video (video/webm) ──────────────────────────────────────────────────────────────
    ../../test-results/validation-comprehensive-C-fc7c1-ion-state-during-navigation-Mobile-Safari/video.webm
    ────────────────────────────────────────────────────────────────────────────────────────────────
]]>
</failure>
<system-out>
<![CDATA[
[[ATTACHMENT|validation-comprehensive-C-fc7c1-ion-state-during-navigation-Mobile-Safari/test-failed-1.png]]

[[ATTACHMENT|validation-comprehensive-C-fc7c1-ion-state-during-navigation-Mobile-Safari/video.webm]]
]]>
</system-out>
</testcase>
<testcase name="Comprehensive Form Validation › should handle validation with dynamic field changes" classname="validation-comprehensive.spec.ts" time="0.327">
<failure message="validation-comprehensive.spec.ts:239:7 should handle validation with dynamic field changes" type="FAILURE">
<![CDATA[  [Mobile Safari] › validation-comprehensive.spec.ts:239:7 › Comprehensive Form Validation › should handle validation with dynamic field changes 

    Error: page.goto: Could not connect to the server.
    Call log:
      - navigating to "http://localhost:3000/complex-form.html", waiting until "load"


      3 | test.describe('Comprehensive Form Validation', () => {
      4 |   test.beforeEach(async ({ page }) => {
    > 5 |     await page.goto('/complex-form.html');
        |                ^
      6 |     await page.waitForSelector('[data-testid="complex-form"]', { timeout: 10000 });
      7 |   });
      8 |
        at /Users/peterhanssens/consulting/CloudShuttle/leptos-forms/tests/e2e/validation-comprehensive.spec.ts:5:16

    attachment #1: screenshot (image/png) ──────────────────────────────────────────────────────────
    ../../test-results/validation-comprehensive-C-0869f--with-dynamic-field-changes-Mobile-Safari/test-failed-1.png
    ────────────────────────────────────────────────────────────────────────────────────────────────

    attachment #2: video (video/webm) ──────────────────────────────────────────────────────────────
    ../../test-results/validation-comprehensive-C-0869f--with-dynamic-field-changes-Mobile-Safari/video.webm
    ────────────────────────────────────────────────────────────────────────────────────────────────
]]>
</failure>
<system-out>
<![CDATA[
[[ATTACHMENT|validation-comprehensive-C-0869f--with-dynamic-field-changes-Mobile-Safari/test-failed-1.png]]

[[ATTACHMENT|validation-comprehensive-C-0869f--with-dynamic-field-changes-Mobile-Safari/video.webm]]
]]>
</system-out>
</testcase>
</testsuite>
</testsuites>